ARM GAS  /var/folders/cw/yd42cdzd0yd5y__m68_66wjm0000gn/T//ccvbS1Yi.s 			page 1


   1              		.cpu cortex-m4
   2              		.arch armv7e-m
   3              		.fpu fpv4-sp-d16
   4              		.eabi_attribute 27, 1
   5              		.eabi_attribute 28, 1
   6              		.eabi_attribute 20, 1
   7              		.eabi_attribute 21, 1
   8              		.eabi_attribute 23, 3
   9              		.eabi_attribute 24, 1
  10              		.eabi_attribute 25, 1
  11              		.eabi_attribute 26, 1
  12              		.eabi_attribute 30, 1
  13              		.eabi_attribute 34, 1
  14              		.eabi_attribute 18, 4
  15              		.file	"it.c"
  16              		.text
  17              	.Ltext0:
  18              		.cfi_sections	.debug_frame
  19              		.file 1 "Core/Src/it.c"
  20              		.section	.text.SysTick_Handler,"ax",%progbits
  21              		.align	1
  22              		.global	SysTick_Handler
  23              		.syntax unified
  24              		.thumb
  25              		.thumb_func
  27              	SysTick_Handler:
  28              	.LFB134:
   1:Core/Src/it.c **** // it.c (interrupt)
   2:Core/Src/it.c **** #include "it.h"
   3:Core/Src/it.c **** #include "stm32f4xx_hal.h"
   4:Core/Src/it.c **** 
   5:Core/Src/it.c **** void SysTick_Handler(void)
   6:Core/Src/it.c **** {
  29              		.loc 1 6 1 view -0
  30              		.cfi_startproc
  31              		@ args = 0, pretend = 0, frame = 0
  32              		@ frame_needed = 0, uses_anonymous_args = 0
  33 0000 08B5     		push	{r3, lr}
  34              	.LCFI0:
  35              		.cfi_def_cfa_offset 8
  36              		.cfi_offset 3, -8
  37              		.cfi_offset 14, -4
   7:Core/Src/it.c ****     HAL_IncTick();
  38              		.loc 1 7 5 view .LVU1
  39 0002 FFF7FEFF 		bl	HAL_IncTick
  40              	.LVL0:
   8:Core/Src/it.c ****     HAL_SYSTICK_IRQHandler();
  41              		.loc 1 8 5 view .LVU2
  42 0006 FFF7FEFF 		bl	HAL_SYSTICK_IRQHandler
  43              	.LVL1:
   9:Core/Src/it.c **** }
  44              		.loc 1 9 1 is_stmt 0 view .LVU3
  45 000a 08BD     		pop	{r3, pc}
  46              		.cfi_endproc
  47              	.LFE134:
  49              		.text
  50              	.Letext0:
ARM GAS  /var/folders/cw/yd42cdzd0yd5y__m68_66wjm0000gn/T//ccvbS1Yi.s 			page 2


  51              		.file 2 "Drivers/STM32F4xx_HAL_Driver/Inc/stm32f4xx_hal_cortex.h"
  52              		.file 3 "Drivers/STM32F4xx_HAL_Driver/Inc/stm32f4xx_hal.h"
ARM GAS  /var/folders/cw/yd42cdzd0yd5y__m68_66wjm0000gn/T//ccvbS1Yi.s 			page 3


DEFINED SYMBOLS
                            *ABS*:00000000 it.c
/var/folders/cw/yd42cdzd0yd5y__m68_66wjm0000gn/T//ccvbS1Yi.s:21     .text.SysTick_Handler:00000000 $t
/var/folders/cw/yd42cdzd0yd5y__m68_66wjm0000gn/T//ccvbS1Yi.s:27     .text.SysTick_Handler:00000000 SysTick_Handler

UNDEFINED SYMBOLS
HAL_IncTick
HAL_SYSTICK_IRQHandler
